<?xml version="1.0" encoding="UTF-8"?>
<!-- Generated by org.testng.reporters.JUnitReportReporter -->
<testsuite hostname="DESKTOP-1C4Q6IJ" failures="0" tests="1" name="com.datadriventest.TDDTestingusingTestNG" time="0.000" errors="0" timestamp="04 Sep 2020 05:44:50 GMT" skipped="1">
  <testcase classname="com.datadriventest.TDDTestingusingTestNG" name="FbPageReg" time="0.000">
    <skipped/>
  </testcase> <!-- FbPageReg -->
</testsuite> <!-- com.datadriventest.TDDTestingusingTestNG -->
