<?xml version="1.0" encoding="UTF-8"?>
<!-- Generated by org.testng.reporters.JUnitReportReporter -->
<testsuite hostname="DESKTOP-1C4Q6IJ" failures="0" tests="1" name="SeleniumConcepts.HashMapUsage" time="14.207" errors="0" timestamp="26 Aug 2020 04:50:58 GMT" skipped="0">
  <testcase classname="SeleniumConcepts.HashMapUsage" name="Login" time="14.207"/>
</testsuite> <!-- SeleniumConcepts.HashMapUsage -->
