<?xml version="1.0" encoding="UTF-8"?>
<!-- Generated by org.testng.reporters.JUnitReportReporter -->
<testsuite hostname="DESKTOP-1C4Q6IJ" failures="0" tests="1" name="ToBeDeleted.ToBeDeletedTestNG" time="0.010" errors="0" timestamp="05 Jul 2020 18:54:11 GMT" skipped="0">
  <testcase classname="ToBeDeleted.ToBeDeletedTestNG" name="TestSum" time="0.010"/>
</testsuite> <!-- ToBeDeleted.ToBeDeletedTestNG -->
